-SCORE-
-------
-LEARNING-
FollowPlayer:	1
-
MeleeAttack:	1
DashAttack:	1
RangedAttack:	1
-
FleeFromPlayer:	1
-
----------

WAVE 1:
Enemy 1:
RangedAttack
FollowPlayer
FleeFromPlayer
Enemy 2:
DashAttack
FollowPlayer
Enemy 3:
DashAttack
FollowPlayer
Enemy 4:
MeleeAttack
FollowPlayer
-SCORE-
FollowPlayer:	8
RangedAttack:	2
FleeFromPlayer:	2
Idle:	8
DashAttack:	6
Wave:	8
-------
-LEARNING-
FollowPlayer:	9
-
MeleeAttack:	2.6
DashAttack:	7.4
RangedAttack:	4.2
-
FleeFromPlayer:	4.2
-
----------

WAVE 2:
Enemy 1:
RangedAttack
FollowPlayer
FleeFromPlayer
Enemy 2:
DashAttack
FollowPlayer
Enemy 3:
DashAttack
FollowPlayer
Enemy 4:
DashAttack
FollowPlayer
